e:\documents\programming projects\3d-terrain-generator\3d terrain generator\3d terrain generator\debug\3d terrain generator.pch
e:\documents\programming projects\3d-terrain-generator\3d terrain generator\3d terrain generator\debug\vc120.pdb
e:\documents\programming projects\3d-terrain-generator\3d terrain generator\3d terrain generator\debug\vc120.idb
e:\documents\programming projects\3d-terrain-generator\3d terrain generator\3d terrain generator\debug\texture.obj
e:\documents\programming projects\3d-terrain-generator\3d terrain generator\3d terrain generator\debug\terrain.obj
e:\documents\programming projects\3d-terrain-generator\3d terrain generator\3d terrain generator\debug\sphere.obj
e:\documents\programming projects\3d-terrain-generator\3d terrain generator\3d terrain generator\debug\skybox.obj
e:\documents\programming projects\3d-terrain-generator\3d terrain generator\3d terrain generator\debug\rng.obj
e:\documents\programming projects\3d-terrain-generator\3d terrain generator\3d terrain generator\debug\model.obj
e:\documents\programming projects\3d-terrain-generator\3d terrain generator\3d terrain generator\debug\main.obj
e:\documents\programming projects\3d-terrain-generator\3d terrain generator\3d terrain generator\debug\light.obj
e:\documents\programming projects\3d-terrain-generator\3d terrain generator\3d terrain generator\debug\helper.obj
e:\documents\programming projects\3d-terrain-generator\3d terrain generator\3d terrain generator\debug\cuboid.obj
e:\documents\programming projects\3d-terrain-generator\3d terrain generator\3d terrain generator\debug\camera.obj
e:\documents\programming projects\3d-terrain-generator\3d terrain generator\3d terrain generator\debug\perlinnoise.obj
e:\documents\programming projects\3d-terrain-generator\3d terrain generator\debug\3d terrain generator.pdb
e:\documents\programming projects\3d-terrain-generator\3d terrain generator\3d terrain generator\debug\3d terra.217092a0.tlog\cl.command.1.tlog
e:\documents\programming projects\3d-terrain-generator\3d terrain generator\3d terrain generator\debug\3d terra.217092a0.tlog\cl.read.1.tlog
e:\documents\programming projects\3d-terrain-generator\3d terrain generator\3d terrain generator\debug\3d terra.217092a0.tlog\cl.write.1.tlog
e:\documents\programming projects\3d-terrain-generator\3d terrain generator\3d terrain generator\debug\3d terra.217092a0.tlog\link.5800.read.1.tlog
e:\documents\programming projects\3d-terrain-generator\3d terrain generator\3d terrain generator\debug\3d terra.217092a0.tlog\link.5800.write.1.tlog
e:\documents\programming projects\3d-terrain-generator\3d terrain generator\3d terrain generator\debug\3d terra.217092a0.tlog\link.command.1.tlog
e:\documents\programming projects\3d-terrain-generator\3d terrain generator\3d terrain generator\debug\3d terra.217092a0.tlog\link.read.1.tlog
e:\documents\programming projects\3d-terrain-generator\3d terrain generator\3d terrain generator\debug\3d terra.217092a0.tlog\link.write.1.tlog
