Build started 3/27/2016 20:16:54.
     1>Project "E:\Documents\Programming Projects\3D-Terrain-Generator\3D Terrain Generator\3D Terrain Generator\3D Terrain Generator.vcxproj" on node 2 (Build target(s)).
     1>ClCompile:
         C:\Program Files (x86)\Microsoft Visual Studio 12.0\VC\bin\CL.exe /c /ZI /nologo /W3 /WX- /Od /Oy- /D WIN32 /D _DEBUG /D _CONSOLE /D _LIB /D _UNICODE /D UNICODE /Gm /EHsc /RTC1 /MDd /GS /fp:precise /Zc:wchar_t /Zc:forScope /Yc"stdafx.h" /Fp"Debug\3D Terrain Generator.pch" /Fo"Debug\\" /Fd"Debug\vc120.pdb" /Gd /TP /analyze- /errorReport:prompt Main.cpp Skybox.cpp Terrain.cpp
         Terrain.cpp
         Skybox.cpp
         Main.cpp
       Link:
         C:\Program Files (x86)\Microsoft Visual Studio 12.0\VC\bin\link.exe /ERRORREPORT:PROMPT /OUT:"E:\Documents\Programming Projects\3D-Terrain-Generator\3D Terrain Generator\Debug\3D Terrain Generator.exe" /INCREMENTAL /NOLOGO freeglut.lib glew32.lib FreeImage.lib SOIL.lib kernel32.lib user32.lib gdi32.lib winspool.lib comdlg32.lib advapi32.lib shell32.lib ole32.lib oleaut32.lib uuid.lib odbc32.lib odbccp32.lib /MANIFEST /MANIFESTUAC:"level='asInvoker' uiAccess='false'" /manifest:embed /DEBUG /PDB:"E:\Documents\Programming Projects\3D-Terrain-Generator\3D Terrain Generator\Debug\3D Terrain Generator.pdb" /SUBSYSTEM:CONSOLE /TLBID:1 /DYNAMICBASE /NXCOMPAT /IMPLIB:"E:\Documents\Programming Projects\3D-Terrain-Generator\3D Terrain Generator\Debug\3D Terrain Generator.lib" /MACHINE:X86 Debug\Camera.obj
         Debug\Cuboid.obj
         Debug\Helper.obj
         Debug\Light.obj
         Debug\Main.obj
         Debug\Model.obj
         Debug\RNG.obj
         Debug\Skybox.obj
         Debug\Sphere.obj
         Debug\Terrain.obj
         Debug\Texture.obj
         SOIL.lib(SOIL.obj) : MSIL .netmodule or module compiled with /GL found; restarting link with /LTCG; add /LTCG to the link command line to improve linker performance
     1>LINK : warning LNK4075: ignoring '/INCREMENTAL' due to '/LTCG' specification
     1>Camera.obj : warning LNK4075: ignoring '/EDITANDCONTINUE' due to '/OPT:LBR' specification
     1>LINK : warning LNK4098: defaultlib 'MSVCRT' conflicts with use of other libs; use /NODEFAULTLIB:library
         Generating code
         Finished generating code
         3D Terrain Generator.vcxproj -> E:\Documents\Programming Projects\3D-Terrain-Generator\3D Terrain Generator\Debug\3D Terrain Generator.exe
     1>Done Building Project "E:\Documents\Programming Projects\3D-Terrain-Generator\3D Terrain Generator\3D Terrain Generator\3D Terrain Generator.vcxproj" (Build target(s)).

Build succeeded.

Time Elapsed 00:00:07.47
